# JRE version: OpenJDK Runtime Environment Temurin-17.0.9+9 (17.0.9+9) (build 17.0.9+9)
# Java VM: OpenJDK 64-Bit Server VM Temurin-17.0.9+9 (17.0.9+9, mixed mode, tiered, compressed oops, compressed class ptrs, g1 gc, windows-amd64)
GC Precious Log:
 CPUs: 8 total, 8 available
 Memory: 7991M
 Large Page Support: Disabled
 NUMA Support: Disabled
 Compressed Oops: Enabled (32-bit)
 Heap Region Size: 1M
 Heap Min Capacity: 8M
 Heap Initial Capacity: 126M
 Heap Max Capacity: 1998M
 Pre-touch: Disabled
 Parallel Workers: 8
 Concurrent Workers: 2
 Concurrent Refinement Workers: 8
 Periodic GC: Disabled
Heap:
 garbage-first heap   total 129024K, used 57408K [0x0000000083200000, 0x0000000100000000)
  region size 1024K, 3 young (3072K), 3 survivors (3072K)
 Metaspace       used 14990K, committed 15168K, reserved 1114112K
  class space    used 1481K, committed 1536K, reserved 1048576K
GC Heap History (17 events):
Event: 24.767 GC heap before
{Heap before GC invocations=0 (full 0):
 garbage-first heap   total 129024K, used 67584K [0x0000000083200000, 0x0000000100000000)
  region size 1024K, 11 young (11264K), 0 survivors (0K)
 Metaspace       used 14826K, committed 14976K, reserved 1114112K
  class space    used 1481K, committed 1536K, reserved 1048576K
}
Event: 24.770 GC heap after
{Heap after GC invocations=1 (full 0):
 garbage-first heap   total 129024K, used 60458K [0x0000000083200000, 0x0000000100000000)
  region size 1024K, 3 young (3072K), 3 survivors (3072K)
 Metaspace       used 14826K, committed 14976K, reserved 1114112K
  class space    used 1481K, committed 1536K, reserved 1048576K
}
Event: 24.776 GC heap before
{Heap before GC invocations=2 (full 0):
 garbage-first heap   total 129024K, used 62506K [0x0000000083200000, 0x0000000100000000)
  region size 1024K, 4 young (4096K), 3 survivors (3072K)
 Metaspace       used 14828K, committed 14976K, reserved 1114112K
  class space    used 1481K, committed 1536K, reserved 1048576K
}
Event: 24.777 GC heap after
{Heap after GC invocations=3 (full 0):
 garbage-first heap   total 129024K, used 6272K [0x0000000083200000, 0x0000000100000000)
  region size 1024K, 3 young (3072K), 3 survivors (3072K)
 Metaspace       used 14828K, committed 14976K, reserved 1114112K
  class space    used 1481K, committed 1536K, reserved 1048576K
}
Event: 25.729 GC heap before
{Heap before GC invocations=3 (full 0):
 garbage-first heap   total 129024K, used 60544K [0x0000000083200000, 0x0000000100000000)
  region size 1024K, 5 young (5120K), 3 survivors (3072K)
 Metaspace       used 14841K, committed 15040K, reserved 1114112K
  class space    used 1481K, committed 1536K, reserved 1048576K
}
Event: 25.731 GC heap after
{Heap after GC invocations=4 (full 0):
 garbage-first heap   total 129024K, used 57472K [0x0000000083200000, 0x0000000100000000)
  region size 1024K, 3 young (3072K), 3 survivors (3072K)
 Metaspace       used 14841K, committed 15040K, reserved 1114112K
  class space    used 1481K, committed 1536K, reserved 1048576K
}
Event: 25.737 GC heap before
{Heap before GC invocations=4 (full 0):
 garbage-first heap   total 129024K, used 59520K [0x0000000083200000, 0x0000000100000000)
  region size 1024K, 4 young (4096K), 3 survivors (3072K)
 Metaspace       used 14853K, committed 15040K, reserved 1114112K
  class space    used 1481K, committed 1536K, reserved 1048576K
}
Event: 25.739 GC heap after
{Heap after GC invocations=5 (full 0):
 garbage-first heap   total 129024K, used 6208K [0x0000000083200000, 0x0000000100000000)
  region size 1024K, 3 young (3072K), 3 survivors (3072K)
 Metaspace       used 14853K, committed 15040K, reserved 1114112K
  class space    used 1481K, committed 1536K, reserved 1048576K
}
Event: 26.007 GC heap before
{Heap before GC invocations=5 (full 0):
 garbage-first heap   total 129024K, used 60480K [0x0000000083200000, 0x0000000100000000)
  region size 1024K, 5 young (5120K), 3 survivors (3072K)
 Metaspace       used 14918K, committed 15104K, reserved 1114112K
  class space    used 1481K, committed 1536K, reserved 1048576K
}
Event: 26.008 GC heap after
{Heap after GC invocations=6 (full 0):
 garbage-first heap   total 129024K, used 57473K [0x0000000083200000, 0x0000000100000000)
  region size 1024K, 3 young (3072K), 3 survivors (3072K)
 Metaspace       used 14918K, committed 15104K, reserved 1114112K
  class space    used 1481K, committed 1536K, reserved 1048576K
}
Event: 26.014 GC heap before
{Heap before GC invocations=6 (full 0):
 garbage-first heap   total 129024K, used 59521K [0x0000000083200000, 0x0000000100000000)
  region size 1024K, 4 young (4096K), 3 survivors (3072K)
 Metaspace       used 14919K, committed 15104K, reserved 1114112K
  class space    used 1481K, committed 1536K, reserved 1048576K
}
Event: 26.015 GC heap after
{Heap after GC invocations=7 (full 0):
 garbage-first heap   total 129024K, used 6209K [0x0000000083200000, 0x0000000100000000)
  region size 1024K, 3 young (3072K), 3 survivors (3072K)
 Metaspace       used 14919K, committed 15104K, reserved 1114112K
  class space    used 1481K, committed 1536K, reserved 1048576K
}
Event: 26.202 GC heap before
{Heap before GC invocations=7 (full 0):
 garbage-first heap   total 129024K, used 60481K [0x0000000083200000, 0x0000000100000000)
  region size 1024K, 5 young (5120K), 3 survivors (3072K)
 Metaspace       used 14965K, committed 15104K, reserved 1114112K
  class space    used 1481K, committed 1536K, reserved 1048576K
}
Event: 26.204 GC heap after
{Heap after GC invocations=8 (full 0):
 garbage-first heap   total 129024K, used 57408K [0x0000000083200000, 0x0000000100000000)
  region size 1024K, 3 young (3072K), 3 survivors (3072K)
 Metaspace       used 14965K, committed 15104K, reserved 1114112K
  class space    used 1481K, committed 1536K, reserved 1048576K
}
Event: 26.210 GC heap before
{Heap before GC invocations=8 (full 0):
 garbage-first heap   total 129024K, used 59456K [0x0000000083200000, 0x0000000100000000)
  region size 1024K, 4 young (4096K), 3 survivors (3072K)
 Metaspace       used 14965K, committed 15104K, reserved 1114112K
  class space    used 1481K, committed 1536K, reserved 1048576K
}
Event: 26.212 GC heap after
{Heap after GC invocations=9 (full 0):
 garbage-first heap   total 129024K, used 6208K [0x0000000083200000, 0x0000000100000000)
  region size 1024K, 3 young (3072K), 3 survivors (3072K)
 Metaspace       used 14965K, committed 15104K, reserved 1114112K
  class space    used 1481K, committed 1536K, reserved 1048576K
}
Event: 26.585 GC heap before
{Heap before GC invocations=9 (full 0):
 garbage-first heap   total 129024K, used 59456K [0x0000000083200000, 0x0000000100000000)
  region size 1024K, 4 young (4096K), 3 survivors (3072K)
 Metaspace       used 14990K, committed 15168K, reserved 1114112K
  class space    used 1481K, committed 1536K, reserved 1048576K
}

